capitulos/cap10/HelloHandler/app/build/outputs/apk/manifest-merger-debug-report.txt
-- Merging decision tree log ---
manifest
ADDED from AndroidManifest.xml:2:1
	package
		ADDED from AndroidManifest.xml:3:5
		INJECTED from AndroidManifest.xml:0:0
		INJECTED from AndroidManifest.xml:0:0
	android:versionName
		INJECTED from AndroidManifest.xml:0:0
		INJECTED from AndroidManifest.xml:0:0
	xmlns:android
		ADDED from AndroidManifest.xml:2:11
	android:versionCode
		INJECTED from AndroidManifest.xml:0:0
		INJECTED from AndroidManifest.xml:0:0
uses-permission#android.permission.INTERNET
ADDED from AndroidManifest.xml:5:5
	android:name
		ADDED from AndroidManifest.xml:5:22
application
ADDED from AndroidManifest.xml:7:5
MERGED from com.android.support:appcompat-v7:22.1.1:22:5
MERGED from com.android.support:support-v4:22.1.1:22:5
	android:label
		ADDED from AndroidManifest.xml:10:9
	android:allowBackup
		ADDED from AndroidManifest.xml:8:9
	android:icon
		ADDED from AndroidManifest.xml:9:9
	android:theme
		ADDED from AndroidManifest.xml:11:9
activity#br.com.livroandroid.handler.SplashScreenActivity
ADDED from AndroidManifest.xml:13:9
	android:name
		ADDED from AndroidManifest.xml:13:19
intent-filter#android.intent.action.MAIN+android.intent.category.LAUNCHER
ADDED from AndroidManifest.xml:14:13
action#android.intent.action.MAIN
ADDED from AndroidManifest.xml:15:17
	android:name
		ADDED from AndroidManifest.xml:15:25
category#android.intent.category.LAUNCHER
ADDED from AndroidManifest.xml:17:17
	android:name
		ADDED from AndroidManifest.xml:17:27
activity#br.com.livroandroid.handler.MainActivity
ADDED from AndroidManifest.xml:20:9
	android:label
		ADDED from AndroidManifest.xml:22:13
	android:name
		ADDED from AndroidManifest.xml:21:13
activity#br.com.livroandroid.handler.DemoHandlerMessageActivity
ADDED from AndroidManifest.xml:23:9
	android:label
		ADDED from AndroidManifest.xml:25:13
	android:parentActivityName
		ADDED from AndroidManifest.xml:26:13
	android:name
		ADDED from AndroidManifest.xml:24:13
meta-data#android.support.PARENT_ACTIVITY
ADDED from AndroidManifest.xml:27:13
	android:value
		ADDED from AndroidManifest.xml:29:17
	android:name
		ADDED from AndroidManifest.xml:28:17
activity#br.com.livroandroid.handler.DemoHandlerRunnableActivity
ADDED from AndroidManifest.xml:31:9
	android:label
		ADDED from AndroidManifest.xml:33:13
	android:parentActivityName
		ADDED from AndroidManifest.xml:34:13
	android:name
		ADDED from AndroidManifest.xml:32:13
activity#br.com.livroandroid.handler.DownloadImagemActivity
ADDED from AndroidManifest.xml:39:9
	android:label
		ADDED from AndroidManifest.xml:41:13
	android:parentActivityName
		ADDED from AndroidManifest.xml:42:13
	android:name
		ADDED from AndroidManifest.xml:40:13
activity#br.com.livroandroid.handler.ReDownloadImagemActivity
ADDED from AndroidManifest.xml:47:9
	android:label
		ADDED from AndroidManifest.xml:49:13
	android:parentActivityName
		ADDED from AndroidManifest.xml:50:13
	android:name
		ADDED from AndroidManifest.xml:48:13
activity#br.com.livroandroid.handler.ContadorActivity
ADDED from AndroidManifest.xml:55:9
	android:label
		ADDED from AndroidManifest.xml:57:13
	android:parentActivityName
		ADDED from AndroidManifest.xml:58:13
	android:name
		ADDED from AndroidManifest.xml:56:13
uses-sdk
INJECTED from AndroidManifest.xml:0:0 reason: use-sdk injection requested
MERGED from com.android.support:appcompat-v7:22.1.1:20:5
MERGED from com.android.support:support-v4:22.1.1:20:5
	android:targetSdkVersion
		INJECTED from AndroidManifest.xml:0:0
		INJECTED from AndroidManifest.xml:0:0
	android:minSdkVersion
		INJECTED from AndroidManifest.xml:0:0
		INJECTED from AndroidManifest.xml:0:0